<?xml version="1.0" encoding="UTF-8"?>
<!-- Generated by org.testng.reporters.JUnitXMLReporter -->
<testsuite ignored="6" hostname="AMaged-MacBook-Air.local" failures="0" tests="6" name="regrission Test" time="22.696" errors="0" timestamp="2020-02-07T21:47:06 EET">
  <testcase classname="tests.ChangeCurrencyTest" name="userCanCHangeCurrency" time="2.575"/>
  <testcase classname="tests.SelectAfterHoverTest" name="userCanHoverAndSelect" time="1.662"/>
  <testcase classname="tests.RegistrationFakeDataTest" name="userCanRegister" time="11.447"/>
  <testcase classname="tests.AddProductToCartAndUpdateQtyTest" name="userCanReachItemBySuggestedSearch" time="3.414"/>
  <testcase classname="tests.AddProductToCartAndUpdateQtyTest" name="UserCanAddItemToCart" time="2.508"/>
  <testcase classname="tests.AddProductToCartAndUpdateQtyTest" name="UserCanUpdateQtyFromCart" time="1.027"/>
  <testcase classname="tests.TestBase" name="@BeforeSuite startDriver" time="0.0">
    <ignored/>
  </testcase> <!-- @BeforeSuite startDriver -->
  <testcase classname="tests.TestBase" name="@BeforeSuite startDriver" time="0.0">
    <ignored/>
  </testcase> <!-- @BeforeSuite startDriver -->
  <testcase classname="tests.TestBase" name="@BeforeSuite startDriver" time="0.0">
    <ignored/>
  </testcase> <!-- @BeforeSuite startDriver -->
  <testcase classname="tests.TestBase" name="@AfterSuite stopDriver" time="0.0">
    <ignored/>
  </testcase> <!-- @AfterSuite stopDriver -->
  <testcase classname="tests.TestBase" name="@AfterSuite stopDriver" time="0.0">
    <ignored/>
  </testcase> <!-- @AfterSuite stopDriver -->
  <testcase classname="tests.TestBase" name="@AfterSuite stopDriver" time="0.0">
    <ignored/>
  </testcase> <!-- @AfterSuite stopDriver -->
</testsuite> <!-- regrission Test -->
