<?xml version="1.0" encoding="UTF-8"?>
<testsuite xmlns:xsi="http://www.w3.org/2001/XMLSchema-instance" xsi:noNamespaceSchemaLocation="https://maven.apache.org/surefire/maven-surefire-plugin/xsd/surefire-test-report-3.0.xsd" version="3.0" name="TestSuite" time="33.102" tests="6" errors="0" skipped="0" failures="0">
  <properties>
[...]
</properties>
  <testcase name="userCanCHangeCurrency" classname="tests.ChangeCurrencyTest" time="2.582"/>
  <testcase name="userCanHoverAndSelect" classname="tests.SelectAfterHoverTest" time="1.665"/>
  <testcase name="userCanRegister" classname="tests.RegistrationFakeDataTest" time="11.443"/>
  <testcase name="userCanReachItemBySuggestedSearch" classname="tests.AddProductToCartAndUpdateQtyTest" time="3.415"/>
  <testcase name="UserCanAddItemToCart" classname="tests.AddProductToCartAndUpdateQtyTest" time="2.51"/>
  <testcase name="UserCanUpdateQtyFromCart" classname="tests.AddProductToCartAndUpdateQtyTest" time="1.031"/>
</testsuite>