<?xml version="1.0" encoding="UTF-8"?>
<!-- Generated by org.testng.reporters.JUnitXMLReporter -->
<testsuite hostname="AMaged-MacBook-Air.local" ignored="4" name="regrission Test" tests="3" failures="3" timestamp="2020-02-17T23:19:09 EET" time="2.423" errors="0">
  <testcase name="userCanCHangeCurrency" time="0.036" classname="tests.ChangeCurrencyTest">
    <failure type="java.lang.NoClassDefFoundError" message="org/openqa/selenium/WrapsElement">
      <![CDATA[java.lang.NoClassDefFoundError: org/openqa/selenium/WrapsElement
at org.openqa.selenium.support.pagefactory.DefaultFieldDecorator.proxyForLocator(DefaultFieldDecorator.java:101)
at org.openqa.selenium.support.pagefactory.DefaultFieldDecorator.decorate(DefaultFieldDecorator.java:62)
at org.openqa.selenium.support.PageFactory.proxyFields(PageFactory.java:113)
at org.openqa.selenium.support.PageFactory.initElements(PageFactory.java:105)
at org.openqa.selenium.support.PageFactory.initElements(PageFactory.java:92)
at org.openqa.selenium.support.PageFactory.initElements(PageFactory.java:79)
at pages.PageBase.<init>(PageBase.java:22)
at pages.HomePage.<init>(HomePage.java:18)
at tests.ChangeCurrencyTest.userCanCHangeCurrency(ChangeCurrencyTest.java:17)
at java.util.ArrayList.forEach(ArrayList.java:1257)
Caused by: java.lang.ClassNotFoundException: org.openqa.selenium.WrapsElement
at java.net.URLClassLoader.findClass(URLClassLoader.java:382)
at java.lang.ClassLoader.loadClass(ClassLoader.java:418)
at sun.misc.Launcher$AppClassLoader.loadClass(Launcher.java:355)
at java.lang.ClassLoader.loadClass(ClassLoader.java:351)
... 37 more
... Removed 27 stack frames]]>
    </failure>
  </testcase> <!-- userCanCHangeCurrency -->
  <testcase name="userCanHoverAndSelect" time="0.001" classname="tests.SelectAfterHoverTest">
    <failure type="java.lang.NoClassDefFoundError" message="org/openqa/selenium/WrapsElement">
      <![CDATA[java.lang.NoClassDefFoundError: org/openqa/selenium/WrapsElement
at org.openqa.selenium.support.pagefactory.DefaultFieldDecorator.proxyForLocator(DefaultFieldDecorator.java:101)
at org.openqa.selenium.support.pagefactory.DefaultFieldDecorator.decorate(DefaultFieldDecorator.java:62)
at org.openqa.selenium.support.PageFactory.proxyFields(PageFactory.java:113)
at org.openqa.selenium.support.PageFactory.initElements(PageFactory.java:105)
at org.openqa.selenium.support.PageFactory.initElements(PageFactory.java:92)
at org.openqa.selenium.support.PageFactory.initElements(PageFactory.java:79)
at pages.PageBase.<init>(PageBase.java:22)
at pages.HomePage.<init>(HomePage.java:18)
at tests.SelectAfterHoverTest.userCanHoverAndSelect(SelectAfterHoverTest.java:21)
at java.util.ArrayList.forEach(ArrayList.java:1257)
... Removed 27 stack frames]]>
    </failure>
  </testcase> <!-- userCanHoverAndSelect -->
  <testcase name="userCanRegister" time="0.002" classname="tests.RegistrationFakeDataTest">
    <failure type="java.lang.NoClassDefFoundError" message="org/openqa/selenium/WrapsElement">
      <![CDATA[java.lang.NoClassDefFoundError: org/openqa/selenium/WrapsElement
at org.openqa.selenium.support.pagefactory.DefaultFieldDecorator.proxyForLocator(DefaultFieldDecorator.java:101)
at org.openqa.selenium.support.pagefactory.DefaultFieldDecorator.decorate(DefaultFieldDecorator.java:62)
at org.openqa.selenium.support.PageFactory.proxyFields(PageFactory.java:113)
at org.openqa.selenium.support.PageFactory.initElements(PageFactory.java:105)
at org.openqa.selenium.support.PageFactory.initElements(PageFactory.java:92)
at org.openqa.selenium.support.PageFactory.initElements(PageFactory.java:79)
at pages.PageBase.<init>(PageBase.java:22)
at pages.HomePage.<init>(HomePage.java:18)
at tests.RegistrationFakeDataTest.userCanRegister(RegistrationFakeDataTest.java:31)
at java.util.ArrayList.forEach(ArrayList.java:1257)
... Removed 27 stack frames]]>
    </failure>
  </testcase> <!-- userCanRegister -->
  <testcase name="@BeforeSuite startDriver" time="0.0" classname="tests.TestBase">
    <ignored/>
  </testcase> <!-- @BeforeSuite startDriver -->
  <testcase name="@BeforeSuite startDriver" time="0.0" classname="tests.TestBase">
    <ignored/>
  </testcase> <!-- @BeforeSuite startDriver -->
  <testcase name="@AfterSuite stopDriver" time="0.0" classname="tests.TestBase">
    <ignored/>
  </testcase> <!-- @AfterSuite stopDriver -->
  <testcase name="@AfterSuite stopDriver" time="0.0" classname="tests.TestBase">
    <ignored/>
  </testcase> <!-- @AfterSuite stopDriver -->
</testsuite> <!-- regrission Test -->
